<?xml version="1.0" encoding="utf-8"?><testsuites name="pytest tests"><testsuite name="pytest" errors="0" failures="0" skipped="0" tests="34" time="9.890" timestamp="2026-01-25T18:27:46.062026+00:00" hostname="agent-env-454a2d1a-2b0b-42a4-af2c-f795b45a4a5c"><testcase classname="backend.tests.test_api.TestHealthAndBasics" name="test_categories_endpoint" time="0.086" /><testcase classname="backend.tests.test_api.TestHealthAndBasics" name="test_locations_endpoint" time="0.040" /><testcase classname="backend.tests.test_api.TestHealthAndBasics" name="test_jobs_list_public" time="0.073" /><testcase classname="backend.tests.test_api.TestUserRegistration" name="test_register_homeowner" time="0.286" /><testcase classname="backend.tests.test_api.TestUserRegistration" name="test_register_contractor" time="0.266" /><testcase classname="backend.tests.test_api.TestUserRegistration" name="test_register_duplicate_email" time="0.302" /><testcase classname="backend.tests.test_api.TestUserRegistration" name="test_register_weak_password" time="0.037" /><testcase classname="backend.tests.test_api.TestUserLogin" name="test_login_homeowner" time="0.534" /><testcase classname="backend.tests.test_api.TestUserLogin" name="test_login_invalid_credentials" time="0.034" /><testcase classname="backend.tests.test_api.TestUserLogin" name="test_admin_login" time="0.044" /><testcase classname="backend.tests.test_api.TestAuthenticatedEndpoints" name="test_get_me" time="0.341" /><testcase classname="backend.tests.test_api.TestAuthenticatedEndpoints" name="test_update_profile" time="0.302" /><testcase classname="backend.tests.test_api.TestAuthenticatedEndpoints" name="test_dashboard_stats_homeowner" time="0.303" /><testcase classname="backend.tests.test_api.TestAuthenticatedEndpoints" name="test_dashboard_stats_contractor" time="0.302" /><testcase classname="backend.tests.test_api.TestJobsCRUD" name="test_create_job" time="0.299" /><testcase classname="backend.tests.test_api.TestJobsCRUD" name="test_get_job" time="0.338" /><testcase classname="backend.tests.test_api.TestJobsCRUD" name="test_get_my_jobs" time="0.297" /><testcase classname="backend.tests.test_api.TestJobsCRUD" name="test_contractor_cannot_create_job" time="0.301" /><testcase classname="backend.tests.test_api.TestJobsCRUD" name="test_jobs_filter_by_location" time="0.043" /><testcase classname="backend.tests.test_api.TestJobsCRUD" name="test_jobs_filter_by_category" time="0.038" /><testcase classname="backend.tests.test_api.TestBids" name="test_create_bid" time="0.845" /><testcase classname="backend.tests.test_api.TestBids" name="test_homeowner_cannot_bid" time="0.608" /><testcase classname="backend.tests.test_api.TestBids" name="test_get_my_bids" time="0.824" /><testcase classname="backend.tests.test_api.TestContractorProfile" name="test_get_contractor_profile_not_found" time="0.036" /><testcase classname="backend.tests.test_api.TestContractorProfile" name="test_get_contractor_profile_valid" time="0.336" /><testcase classname="backend.tests.test_api.TestContractorProfile" name="test_contractor_reviews" time="0.299" /><testcase classname="backend.tests.test_api.TestContractorVerification" name="test_update_verification" time="0.298" /><testcase classname="backend.tests.test_api.TestAdminEndpoints" name="test_admin_stats" time="0.080" /><testcase classname="backend.tests.test_api.TestAdminEndpoints" name="test_admin_users_list" time="0.071" /><testcase classname="backend.tests.test_api.TestAdminEndpoints" name="test_admin_jobs_list" time="0.080" /><testcase classname="backend.tests.test_api.TestAdminEndpoints" name="test_non_admin_blocked" time="0.302" /><testcase classname="backend.tests.test_api.TestMessages" name="test_send_message" time="0.566" /><testcase classname="backend.tests.test_api.TestMessages" name="test_get_messages" time="0.593" /><testcase classname="backend.tests.test_api.TestMessages" name="test_get_conversations" time="0.593" /></testsuite></testsuites>